[ 2017-02-14T09:28:03+08:00 ] 192.168.33.1 /Public/face/reactnative.jpg
INFO: [ app_init ] --START--
INFO: Run Behavior\BuildLiteBehavior [ RunTime:0.000018s ]
INFO: [ app_init ] --END-- [ RunTime:0.002339s ]
ERR: 无法加载模块:Public

[ 2017-02-14T09:28:03+08:00 ] 192.168.33.1 /Public/face/redis.jpg
INFO: [ app_init ] --START--
INFO: Run Behavior\BuildLiteBehavior [ RunTime:0.000017s ]
INFO: [ app_init ] --END-- [ RunTime:0.005786s ]
ERR: 无法加载模块:Public

[ 2017-02-14T09:28:03+08:00 ] 192.168.33.1 /Public/face/jiazhi.jpg
INFO: [ app_init ] --START--
INFO: Run Behavior\BuildLiteBehavior [ RunTime:0.000018s ]
INFO: [ app_init ] --END-- [ RunTime:0.006062s ]
ERR: 无法加载模块:Public

[ 2017-02-14T09:28:04+08:00 ] 192.168.33.1 /Public/face/websafe.jpg
INFO: [ app_init ] --START--
INFO: Run Behavior\BuildLiteBehavior [ RunTime:0.000016s ]
INFO: [ app_init ] --END-- [ RunTime:0.003620s ]
ERR: 无法加载模块:Public

[ 2017-02-14T09:28:04+08:00 ] 192.168.33.1 /Public/face/sre.jpg
INFO: [ app_init ] --START--
INFO: Run Behavior\BuildLiteBehavior [ RunTime:0.000017s ]
INFO: [ app_init ] --END-- [ RunTime:0.003997s ]
ERR: 无法加载模块:Public

[ 2017-02-14T09:28:04+08:00 ] 192.168.33.1 /Public/face/paxos.jpg
INFO: [ app_init ] --START--
INFO: Run Behavior\BuildLiteBehavior [ RunTime:0.000012s ]
INFO: [ app_init ] --END-- [ RunTime:0.003595s ]
ERR: 无法加载模块:Public

[ 2017-02-14T09:28:04+08:00 ] 192.168.33.1 /Public/face/meiguo.jpg
INFO: [ app_init ] --START--
INFO: Run Behavior\BuildLiteBehavior [ RunTime:0.000037s ]
INFO: [ app_init ] --END-- [ RunTime:0.007644s ]
ERR: 无法加载模块:Public

[ 2017-02-14T09:50:11+08:00 ] 192.168.50.248 /favicon.ico
INFO: [ app_init ] --START--
INFO: Run Behavior\BuildLiteBehavior [ RunTime:0.000012s ]
INFO: [ app_init ] --END-- [ RunTime:0.003685s ]
ERR: 无法加载模块:Favicon

[ 2017-02-14T14:10:57+08:00 ] 192.168.33.1 /favicon.ico
INFO: [ app_init ] --START--
INFO: Run Behavior\BuildLiteBehavior [ RunTime:0.000011s ]
INFO: [ app_init ] --END-- [ RunTime:0.002559s ]
ERR: 无法加载模块:Favicon

